<?xml version="1.0" encoding="UTF-8"?>
<testng-results skipped="0" failed="0" total="1" passed="1">
  <reporter-output>
  </reporter-output>
  <suite name="Default suite" duration-ms="11043" started-at="2016-05-07T21:29:15Z" finished-at="2016-05-07T21:29:26Z">
    <groups>
    </groups>
    <test name="Default test" duration-ms="11043" started-at="2016-05-07T21:29:15Z" finished-at="2016-05-07T21:29:26Z">
      <class name="POM.Testcases.VerifyValidLogin">
        <test-method status="PASS" signature="checkValidUser()[pri:0, instance:POM.Testcases.VerifyValidLogin@8b96fde]" name="checkValidUser" duration-ms="11024" started-at="2016-05-07T17:29:15Z" finished-at="2016-05-07T17:29:26Z">
          <reporter-output>
          </reporter-output>
        </test-method> <!-- checkValidUser -->
      </class> <!-- POM.Testcases.VerifyValidLogin -->
    </test> <!-- Default test -->
  </suite> <!-- Default suite -->
</testng-results>
